[0m2021.08.04 10:04:08 INFO  Started: Metals version 0.10.5 in workspace 'C:\sources\bau' for client Visual Studio Code 1.58.2.[0m
[0m2021.08.04 10:04:08 INFO  time: initialize in 0.51s[0m
[0m2021.08.04 10:04:09 WARN  Build server is not auto-connectable.[0m
[0m2021.08.04 10:04:09 WARN  no build tool detected in workspace 'C:\sources\bau'. The most common cause for this problem is that the editor was opened in the wrong working directory, for example if you use sbt then the workspace directory should contain build.sbt. [0m
[0m2021.08.04 10:04:09 WARN  no build target for: C:\sources\bau\scala\scala3\bauscala3\src\main\scala\Main.scala[0m
[0m2021.08.04 10:04:13 INFO  no build target: using presentation compiler with only scala-library: 2.12.14[0m
Aug 04, 2021 10:04:15 AM scala.meta.internal.pc.CompilerAccess handleError
SEVERE: file%3A%2F%2F%2FC%3A%2Fsources%2Fbau%2Fscala%2Fscala3%2Fbauscala3%2Fsrc%2Fmain%2Fscala%2FMain.scala:1: error: expected start of definition
@main def hello: Unit = 
      ^
file%3A%2F%2F%2FC%3A%2Fsources%2Fbau%2Fscala%2Fscala3%2Fbauscala3%2Fsrc%2Fmain%2Fscala%2FMain.scala:1: error: expected start of definition
@main def hello: Unit = 
      ^
	at scala.meta.internal.parsers.Reporter.syntaxError(Reporter.scala:16)
	at scala.meta.internal.parsers.Reporter.syntaxError$(Reporter.scala:16)
	at scala.meta.internal.parsers.Reporter$$anon$1.syntaxError(Reporter.scala:22)
	at scala.meta.internal.parsers.Reporter.syntaxError(Reporter.scala:17)
	at scala.meta.internal.parsers.Reporter.syntaxError$(Reporter.scala:17)
	at scala.meta.internal.parsers.Reporter$$anon$1.syntaxError(Reporter.scala:22)
	at scala.meta.internal.parsers.ScalametaParser.tmplDef(ScalametaParser.scala:4516)
	at scala.meta.internal.parsers.ScalametaParser.topLevelTmplDef(ScalametaParser.scala:4490)
	at scala.meta.internal.parsers.ScalametaParser$$anonfun$topStat$1.applyOrElse(ScalametaParser.scala:5029)
	at scala.meta.internal.parsers.ScalametaParser$$anonfun$topStat$1.applyOrElse(ScalametaParser.scala:5017)
	at scala.runtime.AbstractPartialFunction.apply(AbstractPartialFunction.scala:38)
	at scala.meta.internal.parsers.ScalametaParser.statSeq(ScalametaParser.scala:5007)
	at scala.meta.internal.parsers.ScalametaParser.topStatSeq(ScalametaParser.scala:5016)
	at scala.meta.internal.parsers.ScalametaParser.$anonfun$batchSource$1(ScalametaParser.scala:5247)
	at scala.meta.internal.parsers.ScalametaParser.atPos(ScalametaParser.scala:853)
	at scala.meta.internal.parsers.ScalametaParser.autoPos(ScalametaParser.scala:887)
	at scala.meta.internal.parsers.ScalametaParser.batchSource(ScalametaParser.scala:5206)
	at scala.meta.internal.parsers.ScalametaParser.$anonfun$source$1(ScalametaParser.scala:5189)
	at scala.meta.internal.parsers.ScalametaParser.atPos(ScalametaParser.scala:853)
	at scala.meta.internal.parsers.ScalametaParser.autoPos(ScalametaParser.scala:887)
	at scala.meta.internal.parsers.ScalametaParser.source(ScalametaParser.scala:5188)
	at scala.meta.internal.parsers.ScalametaParser.entrypointSource(ScalametaParser.scala:5194)
	at scala.meta.internal.parsers.ScalametaParser.$anonfun$parseSource$2(ScalametaParser.scala:143)
	at scala.meta.internal.parsers.ScalametaParser.parseRule(ScalametaParser.scala:53)
	at scala.meta.internal.parsers.ScalametaParser.parseSource(ScalametaParser.scala:143)
	at scala.meta.parsers.Parse$.$anonfun$parseSource$1(Parse.scala:29)
	at scala.meta.internal.parsers.ScalametaParser$$anon$263.apply(ScalametaParser.scala:5258)
	at scala.meta.parsers.Api$XtensionParseDialectInput.parse(Api.scala:25)
	at scala.meta.internal.semanticdb.scalac.ParseOps$XtensionCompilationUnitSource.toSource(ParseOps.scala:17)
	at scala.meta.internal.semanticdb.scalac.TextDocumentOps$XtensionCompilationUnitDocument.toTextDocument(TextDocumentOps.scala:201)
	at scala.meta.internal.pc.SemanticdbTextDocumentProvider.textDocument(SemanticdbTextDocumentProvider.scala:51)

Aug 04, 2021 10:04:15 AM scala.meta.internal.pc.CompilerAccess handleError
SEVERE: file%3A%2F%2F%2FC%3A%2Fsources%2Fbau%2Fscala%2Fscala3%2Fbauscala3%2Fsrc%2Fmain%2Fscala%2FMain.scala:1: error: expected start of definition
@main def hello: Unit = 
      ^
file%3A%2F%2F%2FC%3A%2Fsources%2Fbau%2Fscala%2Fscala3%2Fbauscala3%2Fsrc%2Fmain%2Fscala%2FMain.scala:1: error: expected start of definition
@main def hello: Unit = 
      ^
	at scala.meta.internal.parsers.Reporter.syntaxError(Reporter.scala:16)
	at scala.meta.internal.parsers.Reporter.syntaxError$(Reporter.scala:16)
	at scala.meta.internal.parsers.Reporter$$anon$1.syntaxError(Reporter.scala:22)
	at scala.meta.internal.parsers.Reporter.syntaxError(Reporter.scala:17)
	at scala.meta.internal.parsers.Reporter.syntaxError$(Reporter.scala:17)
	at scala.meta.internal.parsers.Reporter$$anon$1.syntaxError(Reporter.scala:22)
	at scala.meta.internal.parsers.ScalametaParser.tmplDef(ScalametaParser.scala:4516)
	at scala.meta.internal.parsers.ScalametaParser.topLevelTmplDef(ScalametaParser.scala:4490)
	at scala.meta.internal.parsers.ScalametaParser$$anonfun$topStat$1.applyOrElse(ScalametaParser.scala:5029)
	at scala.meta.internal.parsers.ScalametaParser$$anonfun$topStat$1.applyOrElse(ScalametaParser.scala:5017)
	at scala.runtime.AbstractPartialFunction.apply(AbstractPartialFunction.scala:38)
	at scala.meta.internal.parsers.ScalametaParser.statSeq(ScalametaParser.scala:5007)
	at scala.meta.internal.parsers.ScalametaParser.topStatSeq(ScalametaParser.scala:5016)
	at scala.meta.internal.parsers.ScalametaParser.$anonfun$batchSource$1(ScalametaParser.scala:5247)
	at scala.meta.internal.parsers.ScalametaParser.atPos(ScalametaParser.scala:853)
	at scala.meta.internal.parsers.ScalametaParser.autoPos(ScalametaParser.scala:887)
	at scala.meta.internal.parsers.ScalametaParser.batchSource(ScalametaParser.scala:5206)
	at scala.meta.internal.parsers.ScalametaParser.$anonfun$source$1(ScalametaParser.scala:5189)
	at scala.meta.internal.parsers.ScalametaParser.atPos(ScalametaParser.scala:853)
	at scala.meta.internal.parsers.ScalametaParser.autoPos(ScalametaParser.scala:887)
	at scala.meta.internal.parsers.ScalametaParser.source(ScalametaParser.scala:5188)
	at scala.meta.internal.parsers.ScalametaParser.entrypointSource(ScalametaParser.scala:5194)
	at scala.meta.internal.parsers.ScalametaParser.$anonfun$parseSource$2(ScalametaParser.scala:143)
	at scala.meta.internal.parsers.ScalametaParser.parseRule(ScalametaParser.scala:53)
	at scala.meta.internal.parsers.ScalametaParser.parseSource(ScalametaParser.scala:143)
	at scala.meta.parsers.Parse$.$anonfun$parseSource$1(Parse.scala:29)
	at scala.meta.internal.parsers.ScalametaParser$$anon$263.apply(ScalametaParser.scala:5258)
	at scala.meta.parsers.Api$XtensionParseDialectInput.parse(Api.scala:25)
	at scala.meta.internal.semanticdb.scalac.ParseOps$XtensionCompilationUnitSource.toSource(ParseOps.scala:17)
	at scala.meta.internal.semanticdb.scalac.TextDocumentOps$XtensionCompilationUnitDocument.toTextDocument(TextDocumentOps.scala:201)
	at scala.meta.internal.pc.SemanticdbTextDocumentProvider.textDocument(SemanticdbTextDocumentProvider.scala:51)

Aug 04, 2021 10:04:15 AM scala.meta.internal.pc.CompilerAccess handleError
SEVERE: file%3A%2F%2F%2FC%3A%2Fsources%2Fbau%2Fscala%2Fscala3%2Fbauscala3%2Fsrc%2Fmain%2Fscala%2FMain.scala:1: error: expected start of definition
@main def hello: Unit = 
      ^
file%3A%2F%2F%2FC%3A%2Fsources%2Fbau%2Fscala%2Fscala3%2Fbauscala3%2Fsrc%2Fmain%2Fscala%2FMain.scala:1: error: expected start of definition
@main def hello: Unit = 
      ^
	at scala.meta.internal.parsers.Reporter.syntaxError(Reporter.scala:16)
	at scala.meta.internal.parsers.Reporter.syntaxError$(Reporter.scala:16)
	at scala.meta.internal.parsers.Reporter$$anon$1.syntaxError(Reporter.scala:22)
	at scala.meta.internal.parsers.Reporter.syntaxError(Reporter.scala:17)
	at scala.meta.internal.parsers.Reporter.syntaxError$(Reporter.scala:17)
	at scala.meta.internal.parsers.Reporter$$anon$1.syntaxError(Reporter.scala:22)
	at scala.meta.internal.parsers.ScalametaParser.tmplDef(ScalametaParser.scala:4516)
	at scala.meta.internal.parsers.ScalametaParser.topLevelTmplDef(ScalametaParser.scala:4490)
	at scala.meta.internal.parsers.ScalametaParser$$anonfun$topStat$1.applyOrElse(ScalametaParser.scala:5029)
	at scala.meta.internal.parsers.ScalametaParser$$anonfun$topStat$1.applyOrElse(ScalametaParser.scala:5017)
	at scala.runtime.AbstractPartialFunction.apply(AbstractPartialFunction.scala:38)
	at scala.meta.internal.parsers.ScalametaParser.statSeq(ScalametaParser.scala:5007)
	at scala.meta.internal.parsers.ScalametaParser.topStatSeq(ScalametaParser.scala:5016)
	at scala.meta.internal.parsers.ScalametaParser.$anonfun$batchSource$1(ScalametaParser.scala:5247)
	at scala.meta.internal.parsers.ScalametaParser.atPos(ScalametaParser.scala:853)
	at scala.meta.internal.parsers.ScalametaParser.autoPos(ScalametaParser.scala:887)
	at scala.meta.internal.parsers.ScalametaParser.batchSource(ScalametaParser.scala:5206)
	at scala.meta.internal.parsers.ScalametaParser.$anonfun$source$1(ScalametaParser.scala:5189)
	at scala.meta.internal.parsers.ScalametaParser.atPos(ScalametaParser.scala:853)
	at scala.meta.internal.parsers.ScalametaParser.autoPos(ScalametaParser.scala:887)
	at scala.meta.internal.parsers.ScalametaParser.source(ScalametaParser.scala:5188)
	at scala.meta.internal.parsers.ScalametaParser.entrypointSource(ScalametaParser.scala:5194)
	at scala.meta.internal.parsers.ScalametaParser.$anonfun$parseSource$2(ScalametaParser.scala:143)
	at scala.meta.internal.parsers.ScalametaParser.parseRule(ScalametaParser.scala:53)
	at scala.meta.internal.parsers.ScalametaParser.parseSource(ScalametaParser.scala:143)
	at scala.meta.parsers.Parse$.$anonfun$parseSource$1(Parse.scala:29)
	at scala.meta.internal.parsers.ScalametaParser$$anon$263.apply(ScalametaParser.scala:5258)
	at scala.meta.parsers.Api$XtensionParseDialectInput.parse(Api.scala:25)
	at scala.meta.internal.semanticdb.scalac.ParseOps$XtensionCompilationUnitSource.toSource(ParseOps.scala:17)
	at scala.meta.internal.semanticdb.scalac.TextDocumentOps$XtensionCompilationUnitDocument.toTextDocument(TextDocumentOps.scala:201)
	at scala.meta.internal.pc.SemanticdbTextDocumentProvider.textDocument(SemanticdbTextDocumentProvider.scala:51)

[0m2021.08.04 10:04:15 INFO  time: code lens generation in 5.75s[0m
Aug 04, 2021 10:04:22 AM scala.meta.internal.pc.CompilerAccess handleError
SEVERE: file%3A%2F%2F%2FC%3A%2Fsources%2Fbau%2Fscala%2Fscala3%2Fbauscala3%2Fsrc%2Fmain%2Fscala%2FMain.scala:1: error: expected start of definition
@main def hello: Unit = 
      ^
file%3A%2F%2F%2FC%3A%2Fsources%2Fbau%2Fscala%2Fscala3%2Fbauscala3%2Fsrc%2Fmain%2Fscala%2FMain.scala:1: error: expected start of definition
@main def hello: Unit = 
      ^
	at scala.meta.internal.parsers.Reporter.syntaxError(Reporter.scala:16)
	at scala.meta.internal.parsers.Reporter.syntaxError$(Reporter.scala:16)
	at scala.meta.internal.parsers.Reporter$$anon$1.syntaxError(Reporter.scala:22)
	at scala.meta.internal.parsers.Reporter.syntaxError(Reporter.scala:17)
	at scala.meta.internal.parsers.Reporter.syntaxError$(Reporter.scala:17)
	at scala.meta.internal.parsers.Reporter$$anon$1.syntaxError(Reporter.scala:22)
	at scala.meta.internal.parsers.ScalametaParser.tmplDef(ScalametaParser.scala:4516)
	at scala.meta.internal.parsers.ScalametaParser.topLevelTmplDef(ScalametaParser.scala:4490)
	at scala.meta.internal.parsers.ScalametaParser$$anonfun$topStat$1.applyOrElse(ScalametaParser.scala:5029)
	at scala.meta.internal.parsers.ScalametaParser$$anonfun$topStat$1.applyOrElse(ScalametaParser.scala:5017)
	at scala.runtime.AbstractPartialFunction.apply(AbstractPartialFunction.scala:38)
	at scala.meta.internal.parsers.ScalametaParser.statSeq(ScalametaParser.scala:5007)
	at scala.meta.internal.parsers.ScalametaParser.topStatSeq(ScalametaParser.scala:5016)
	at scala.meta.internal.parsers.ScalametaParser.$anonfun$batchSource$1(ScalametaParser.scala:5247)
	at scala.meta.internal.parsers.ScalametaParser.atPos(ScalametaParser.scala:853)
	at scala.meta.internal.parsers.ScalametaParser.autoPos(ScalametaParser.scala:887)
	at scala.meta.internal.parsers.ScalametaParser.batchSource(ScalametaParser.scala:5206)
	at scala.meta.internal.parsers.ScalametaParser.$anonfun$source$1(ScalametaParser.scala:5189)
	at scala.meta.internal.parsers.ScalametaParser.atPos(ScalametaParser.scala:853)
	at scala.meta.internal.parsers.ScalametaParser.autoPos(ScalametaParser.scala:887)
	at scala.meta.internal.parsers.ScalametaParser.source(ScalametaParser.scala:5188)
	at scala.meta.internal.parsers.ScalametaParser.entrypointSource(ScalametaParser.scala:5194)
	at scala.meta.internal.parsers.ScalametaParser.$anonfun$parseSource$2(ScalametaParser.scala:143)
	at scala.meta.internal.parsers.ScalametaParser.parseRule(ScalametaParser.scala:53)
	at scala.meta.internal.parsers.ScalametaParser.parseSource(ScalametaParser.scala:143)
	at scala.meta.parsers.Parse$.$anonfun$parseSource$1(Parse.scala:29)
	at scala.meta.internal.parsers.ScalametaParser$$anon$263.apply(ScalametaParser.scala:5258)
	at scala.meta.parsers.Api$XtensionParseDialectInput.parse(Api.scala:25)
	at scala.meta.internal.semanticdb.scalac.ParseOps$XtensionCompilationUnitSource.toSource(ParseOps.scala:17)
	at scala.meta.internal.semanticdb.scalac.TextDocumentOps$XtensionCompilationUnitDocument.toTextDocument(TextDocumentOps.scala:201)
	at scala.meta.internal.pc.SemanticdbTextDocumentProvider.textDocument(SemanticdbTextDocumentProvider.scala:51)

Aug 04, 2021 10:19:02 AM scala.meta.internal.pc.CompilerAccess handleError
SEVERE: file%3A%2F%2F%2FC%3A%2Fsources%2Fbau%2Fscala%2Fscala3%2Fbauscala3%2Fsrc%2Fmain%2Fscala%2FMain.scala:1: error: expected start of definition
@main def hello: Unit = 
      ^
file%3A%2F%2F%2FC%3A%2Fsources%2Fbau%2Fscala%2Fscala3%2Fbauscala3%2Fsrc%2Fmain%2Fscala%2FMain.scala:1: error: expected start of definition
@main def hello: Unit = 
      ^
	at scala.meta.internal.parsers.Reporter.syntaxError(Reporter.scala:16)
	at scala.meta.internal.parsers.Reporter.syntaxError$(Reporter.scala:16)
	at scala.meta.internal.parsers.Reporter$$anon$1.syntaxError(Reporter.scala:22)
	at scala.meta.internal.parsers.Reporter.syntaxError(Reporter.scala:17)
	at scala.meta.internal.parsers.Reporter.syntaxError$(Reporter.scala:17)
	at scala.meta.internal.parsers.Reporter$$anon$1.syntaxError(Reporter.scala:22)
	at scala.meta.internal.parsers.ScalametaParser.tmplDef(ScalametaParser.scala:4516)
	at scala.meta.internal.parsers.ScalametaParser.topLevelTmplDef(ScalametaParser.scala:4490)
	at scala.meta.internal.parsers.ScalametaParser$$anonfun$topStat$1.applyOrElse(ScalametaParser.scala:5029)
	at scala.meta.internal.parsers.ScalametaParser$$anonfun$topStat$1.applyOrElse(ScalametaParser.scala:5017)
	at scala.runtime.AbstractPartialFunction.apply(AbstractPartialFunction.scala:38)
	at scala.meta.internal.parsers.ScalametaParser.statSeq(ScalametaParser.scala:5007)
	at scala.meta.internal.parsers.ScalametaParser.topStatSeq(ScalametaParser.scala:5016)
	at scala.meta.internal.parsers.ScalametaParser.$anonfun$batchSource$1(ScalametaParser.scala:5247)
	at scala.meta.internal.parsers.ScalametaParser.atPos(ScalametaParser.scala:853)
	at scala.meta.internal.parsers.ScalametaParser.autoPos(ScalametaParser.scala:887)
	at scala.meta.internal.parsers.ScalametaParser.batchSource(ScalametaParser.scala:5206)
	at scala.meta.internal.parsers.ScalametaParser.$anonfun$source$1(ScalametaParser.scala:5189)
	at scala.meta.internal.parsers.ScalametaParser.atPos(ScalametaParser.scala:853)
	at scala.meta.internal.parsers.ScalametaParser.autoPos(ScalametaParser.scala:887)
	at scala.meta.internal.parsers.ScalametaParser.source(ScalametaParser.scala:5188)
	at scala.meta.internal.parsers.ScalametaParser.entrypointSource(ScalametaParser.scala:5194)
	at scala.meta.internal.parsers.ScalametaParser.$anonfun$parseSource$2(ScalametaParser.scala:143)
	at scala.meta.internal.parsers.ScalametaParser.parseRule(ScalametaParser.scala:53)
	at scala.meta.internal.parsers.ScalametaParser.parseSource(ScalametaParser.scala:143)
	at scala.meta.parsers.Parse$.$anonfun$parseSource$1(Parse.scala:29)
	at scala.meta.internal.parsers.ScalametaParser$$anon$263.apply(ScalametaParser.scala:5258)
	at scala.meta.parsers.Api$XtensionParseDialectInput.parse(Api.scala:25)
	at scala.meta.internal.semanticdb.scalac.ParseOps$XtensionCompilationUnitSource.toSource(ParseOps.scala:17)
	at scala.meta.internal.semanticdb.scalac.TextDocumentOps$XtensionCompilationUnitDocument.toTextDocument(TextDocumentOps.scala:201)
	at scala.meta.internal.pc.SemanticdbTextDocumentProvider.textDocument(SemanticdbTextDocumentProvider.scala:51)

Aug 04, 2021 10:19:26 AM scala.meta.internal.pc.CompilerAccess handleError
SEVERE: file%3A%2F%2F%2FC%3A%2Fsources%2Fbau%2Fscala%2Fscala3%2Fbauscala3%2Fsrc%2Fmain%2Fscala%2FMain.scala:1: error: expected start of definition
@main def hello: Unit = 
      ^
file%3A%2F%2F%2FC%3A%2Fsources%2Fbau%2Fscala%2Fscala3%2Fbauscala3%2Fsrc%2Fmain%2Fscala%2FMain.scala:1: error: expected start of definition
@main def hello: Unit = 
      ^
	at scala.meta.internal.parsers.Reporter.syntaxError(Reporter.scala:16)
	at scala.meta.internal.parsers.Reporter.syntaxError$(Reporter.scala:16)
	at scala.meta.internal.parsers.Reporter$$anon$1.syntaxError(Reporter.scala:22)
	at scala.meta.internal.parsers.Reporter.syntaxError(Reporter.scala:17)
	at scala.meta.internal.parsers.Reporter.syntaxError$(Reporter.scala:17)
	at scala.meta.internal.parsers.Reporter$$anon$1.syntaxError(Reporter.scala:22)
	at scala.meta.internal.parsers.ScalametaParser.tmplDef(ScalametaParser.scala:4516)
	at scala.meta.internal.parsers.ScalametaParser.topLevelTmplDef(ScalametaParser.scala:4490)
	at scala.meta.internal.parsers.ScalametaParser$$anonfun$topStat$1.applyOrElse(ScalametaParser.scala:5029)
	at scala.meta.internal.parsers.ScalametaParser$$anonfun$topStat$1.applyOrElse(ScalametaParser.scala:5017)
	at scala.runtime.AbstractPartialFunction.apply(AbstractPartialFunction.scala:38)
	at scala.meta.internal.parsers.ScalametaParser.statSeq(ScalametaParser.scala:5007)
	at scala.meta.internal.parsers.ScalametaParser.topStatSeq(ScalametaParser.scala:5016)
	at scala.meta.internal.parsers.ScalametaParser.$anonfun$batchSource$1(ScalametaParser.scala:5247)
	at scala.meta.internal.parsers.ScalametaParser.atPos(ScalametaParser.scala:853)
	at scala.meta.internal.parsers.ScalametaParser.autoPos(ScalametaParser.scala:887)
	at scala.meta.internal.parsers.ScalametaParser.batchSource(ScalametaParser.scala:5206)
	at scala.meta.internal.parsers.ScalametaParser.$anonfun$source$1(ScalametaParser.scala:5189)
	at scala.meta.internal.parsers.ScalametaParser.atPos(ScalametaParser.scala:853)
	at scala.meta.internal.parsers.ScalametaParser.autoPos(ScalametaParser.scala:887)
	at scala.meta.internal.parsers.ScalametaParser.source(ScalametaParser.scala:5188)
	at scala.meta.internal.parsers.ScalametaParser.entrypointSource(ScalametaParser.scala:5194)
	at scala.meta.internal.parsers.ScalametaParser.$anonfun$parseSource$2(ScalametaParser.scala:143)
	at scala.meta.internal.parsers.ScalametaParser.parseRule(ScalametaParser.scala:53)
	at scala.meta.internal.parsers.ScalametaParser.parseSource(ScalametaParser.scala:143)
	at scala.meta.parsers.Parse$.$anonfun$parseSource$1(Parse.scala:29)
	at scala.meta.internal.parsers.ScalametaParser$$anon$263.apply(ScalametaParser.scala:5258)
	at scala.meta.parsers.Api$XtensionParseDialectInput.parse(Api.scala:25)
	at scala.meta.internal.semanticdb.scalac.ParseOps$XtensionCompilationUnitSource.toSource(ParseOps.scala:17)
	at scala.meta.internal.semanticdb.scalac.TextDocumentOps$XtensionCompilationUnitDocument.toTextDocument(TextDocumentOps.scala:201)
	at scala.meta.internal.pc.SemanticdbTextDocumentProvider.textDocument(SemanticdbTextDocumentProvider.scala:51)

